<?xml version="1.0" encoding="UTF-8"?>
<!-- Generated by org.testng.reporters.JUnitReportReporter -->
<testsuite hostname="DESKTOP-JQJ5R9C" failures="0" tests="1" name="SeleniumChallenge.Mahindra" time="5.000" errors="0" timestamp="2023-04-21T18:28:31 IST" skipped="0">
  <testcase classname="SeleniumChallenge.Mahindra" name="mahindra" time="5.000"/>
  <system-out/>
</testsuite> <!-- SeleniumChallenge.Mahindra -->
