<?xml version="1.0" encoding="UTF-8"?>
<!-- Generated by org.testng.reporters.JUnitReportReporter -->
<testsuite hostname="DESKTOP-JQJ5R9C" failures="0" tests="3" name="week5.testngAttributes.LearnPriority" time="0.012" errors="0" timestamp="2023-03-20T16:33:50 IST" skipped="0">
  <testcase classname="week5.testngAttributes.LearnPriority" name="createLead" time="0.008"/>
  <system-out/>
  <testcase classname="week5.testngAttributes.LearnPriority" name="editLead" time="0.001"/>
  <system-out/>
  <testcase classname="week5.testngAttributes.LearnPriority" name="deleteLead" time="0.003"/>
  <system-out/>
</testsuite> <!-- week5.testngAttributes.LearnPriority -->
