<?xml version="1.0" encoding="UTF-8"?>
<!-- Generated by org.testng.reporters.JUnitReportReporter -->
<testsuite hostname="DESKTOP-JQJ5R9C" failures="0" tests="2" name="week5.day2.EditLeadWithDataProvider" time="33.413" errors="0" timestamp="2023-04-12T21:00:23 IST" skipped="0">
  <testcase classname="week5.day2.EditLeadWithDataProvider" name="editLead" time="13.679"/>
  <system-out/>
  <testcase classname="week5.day2.EditLeadWithDataProvider" name="editLead" time="19.734"/>
  <system-out/>
</testsuite> <!-- week5.day2.EditLeadWithDataProvider -->
