<?xml version="1.0" encoding="UTF-8"?>
<!-- Generated by org.testng.reporters.JUnitReportReporter -->
<testsuite hostname="DESKTOP-JQJ5R9C" failures="0" tests="1" name="week5.day1.TestngSample" time="8.236" errors="0" timestamp="2023-04-04T14:36:44 IST" skipped="0">
  <testcase classname="week5.day1.TestngSample" name="loginPage" time="8.236"/>
  <system-out/>
</testsuite> <!-- week5.day1.TestngSample -->
