<?xml version="1.0" encoding="UTF-8"?>
<!-- Generated by org.testng.reporters.JUnitReportReporter -->
<testsuite hostname="DESKTOP-JQJ5R9C" failures="0" tests="3" name="week5.testngAttributes.LearnDependsOnMethods" time="32.797" errors="0" timestamp="2023-03-20T20:25:35 IST" skipped="0">
  <testcase classname="week5.testngAttributes.LearnDependsOnMethods" name="editLead" time="11.842"/>
  <system-out/>
  <testcase classname="week5.testngAttributes.LearnDependsOnMethods" name="deleteLead" time="10.239"/>
  <system-out/>
  <testcase classname="week5.testngAttributes.LearnDependsOnMethods" name="createLead" time="10.716"/>
  <system-out/>
</testsuite> <!-- week5.testngAttributes.LearnDependsOnMethods -->
