<?xml version="1.0" encoding="UTF-8"?>
<!-- Generated by org.testng.reporters.JUnitReportReporter -->
<testsuite hostname="DESKTOP-JQJ5R9C" failures="0" tests="1" name="testcase.DeleteLead" time="14.310" errors="0" timestamp="20 Apr 2023 17:26:09 GMT" skipped="0">
  <testcase classname="testcase.DeleteLead" name="runDeleteLead" time="14.310"/>
</testsuite> <!-- testcase.DeleteLead -->
