<?xml version="1.0" encoding="UTF-8"?>
<!-- Generated by org.testng.reporters.JUnitReportReporter -->
<testsuite hostname="DESKTOP-JQJ5R9C" failures="0" tests="1" name="week5.day1.LearnAnnotations" time="0.005" errors="0" timestamp="2023-03-18T19:17:39 IST" skipped="0">
  <testcase classname="week5.day1.LearnAnnotations" name="testcase1" time="0.005"/>
  <system-out/>
</testsuite> <!-- week5.day1.LearnAnnotations -->
