<?xml version="1.0" encoding="UTF-8"?>
<!-- Generated by org.testng.reporters.JUnitReportReporter -->
<testsuite hostname="LAPTOP-CCSEU8BT" failures="0" tests="1" name="week6.day1.LearnWaits" time="16.716" errors="0" timestamp="2022-10-27T20:02:08 IST" skipped="0">
  <testcase classname="week6.day1.LearnWaits" name="waits" time="16.716"/>
  <system-out/>
</testsuite> <!-- week6.day1.LearnWaits -->
