<?xml version="1.0" encoding="UTF-8"?>
<!-- Generated by org.testng.reporters.JUnitReportReporter -->
<testsuite hostname="DESKTOP-JQJ5R9C" failures="0" tests="1" name="testcase.EditLead" time="11.196" errors="0" timestamp="20 Apr 2023 17:26:09 GMT" skipped="0">
  <testcase classname="testcase.EditLead" name="runEditLead" time="11.196"/>
</testsuite> <!-- testcase.EditLead -->
