<?xml version="1.0" encoding="UTF-8"?>
<!-- Generated by org.testng.reporters.JUnitReportReporter -->
<testsuite hostname="DESKTOP-JQJ5R9C" failures="0" tests="2" name="week5.day2.CreateLead" time="28.043" errors="0" timestamp="2023-04-20T21:49:09 IST" skipped="0">
  <testcase classname="week5.day2.CreateLead" name="createLead" time="10.393"/>
  <system-out/>
  <testcase classname="week5.day2.CreateLead" name="createLead" time="17.650"/>
  <system-out/>
</testsuite> <!-- week5.day2.CreateLead -->
