<?xml version="1.0" encoding="UTF-8"?>
<!-- Generated by org.testng.reporters.JUnitReportReporter -->
<testsuite hostname="DESKTOP-JQJ5R9C" failures="0" tests="3" name="week5.testngAttributes.LearnEnabled" time="0.008" errors="0" timestamp="2023-03-20T16:41:05 IST" skipped="1">
  <testcase classname="week5.testngAttributes.LearnEnabled" name="editLead" time="0.001"/>
  <system-out/>
  <testcase classname="week5.testngAttributes.LearnEnabled" name="createLead" time="0.007"/>
  <system-out/>
  <testcase classname="week5.testngAttributes.LearnEnabled" name="deleteLead">
    <skipped/>
  </testcase> <!-- deleteLead -->
  <system-out/>
</testsuite> <!-- week5.testngAttributes.LearnEnabled -->
