<?xml version="1.0" encoding="UTF-8"?>
<!-- Generated by org.testng.reporters.JUnitReportReporter -->
<testsuite hostname="DESKTOP-JQJ5R9C" failures="0" tests="1" name="week5.day1.LearnTestNGAnnotation" time="0.005" errors="0" timestamp="2023-03-19T13:55:31 IST" skipped="0">
  <testcase classname="week5.day1.LearnTestNGAnnotation" name="f" time="0.005"/>
  <system-out/>
</testsuite> <!-- week5.day1.LearnTestNGAnnotation -->
