<?xml version="1.0" encoding="UTF-8"?>
<!-- Generated by org.testng.reporters.JUnitReportReporter -->
<testsuite hostname="DESKTOP-JQJ5R9C" failures="0" tests="3" name="week5.day2.CreateLeadWithDataProvider" time="0.000" errors="1" timestamp="20 Apr 2023 17:20:01 GMT" skipped="2">
  <testcase classname="week5.day2.CreateLeadWithDataProvider" name="preCondition" time="0.000">
    <error message="
Parameter &#039;url&#039; is required by BeforeMethod on method preCondition but has not been marked @Optional or defined
in D:\TestLeaf\Selenium\paralleltestng.xml" type="org.testng.TestNGException">
      <![CDATA[org.testng.TestNGException: 
Parameter 'url' is required by BeforeMethod on method preCondition but has not been marked @Optional or defined
in D:\TestLeaf\Selenium\paralleltestng.xml
at org.testng.internal.Parameters.createParams(Parameters.java:290)
at org.testng.internal.Parameters.createParametersForMethod(Parameters.java:359)
at org.testng.internal.Parameters.createParameters(Parameters.java:620)
at org.testng.internal.Parameters.createConfigurationParameters(Parameters.java:190)
at org.testng.internal.Invoker.invokeConfigurations(Invoker.java:209)
at org.testng.internal.Invoker.invokeMethod(Invoker.java:523)
at org.testng.internal.Invoker.invokeTestMethod(Invoker.java:719)
at org.testng.internal.Invoker.invokeTestMethods(Invoker.java:989)
at org.testng.internal.TestMethodWorker.invokeTestMethods(TestMethodWorker.java:125)
at org.testng.internal.TestMethodWorker.run(TestMethodWorker.java:109)
at java.base/java.util.concurrent.ThreadPoolExecutor.runWorker(ThreadPoolExecutor.java:1130)
at java.base/java.util.concurrent.ThreadPoolExecutor$Worker.run(ThreadPoolExecutor.java:630)
at java.base/java.lang.Thread.run(Thread.java:831)
]]>
    </error>
  </testcase> <!-- preCondition -->
  <testcase classname="week5.day2.CreateLeadWithDataProvider" name="createLead" time="0.000">
    <skipped/>
  </testcase> <!-- createLead -->
  <testcase classname="week5.day2.CreateLeadWithDataProvider" name="createLead" time="0.000">
    <skipped/>
  </testcase> <!-- createLead -->
</testsuite> <!-- week5.day2.CreateLeadWithDataProvider -->
