<?xml version="1.0" encoding="UTF-8"?>
<!-- Generated by org.testng.reporters.JUnitReportReporter -->
<testsuite hostname="LAPTOP-CCSEU8BT" failures="0" tests="1" name="runner.Runner" time="9.619" errors="0" timestamp="2022-11-11T20:02:14 IST" skipped="0">
  <testcase classname="runner.Runner" name="runScenario" time="9.619"/>
  <system-out/>
</testsuite> <!-- runner.Runner -->
