<?xml version="1.0" encoding="UTF-8"?>
<!-- Generated by org.testng.reporters.JUnitReportReporter -->
<testsuite hostname="DESKTOP-JQJ5R9C" failures="0" tests="2" name="week6.day1.LearnGroups" time="0.011" errors="0" timestamp="2023-04-11T15:36:10 IST" skipped="0">
  <testcase classname="week6.day1.LearnGroups" name="test2" time="0.001"/>
  <system-out/>
  <testcase classname="week6.day1.LearnGroups" name="test1" time="0.010"/>
  <system-out/>
</testsuite> <!-- week6.day1.LearnGroups -->
