<?xml version="1.0" encoding="UTF-8"?>
<!-- Generated by org.testng.reporters.JUnitReportReporter -->
<testsuite hostname="DESKTOP-JQJ5R9C" failures="0" tests="2" name="week5.day2.DataProviderBasic" time="18.363" errors="0" timestamp="2023-04-12T15:39:32 IST" skipped="0">
  <testcase classname="week5.day2.DataProviderBasic" name="createLead" time="9.483"/>
  <system-out/>
  <testcase classname="week5.day2.DataProviderBasic" name="createLead" time="8.880"/>
  <system-out/>
</testsuite> <!-- week5.day2.DataProviderBasic -->
