<?xml version="1.0" encoding="UTF-8"?>
<!-- Generated by org.testng.reporters.JUnitReportReporter -->
<testsuite skipped="0" hostname="DESKTOP-JQJ5R9C" name="testcase.CreateLead" tests="1" failures="0" timestamp="2023-04-24T14:38:28 IST" time="24.378" errors="0">
  <testcase name="runCreateLead" time="24.378" classname="testcase.CreateLead"/>
  <system-out/>
</testsuite> <!-- testcase.CreateLead -->
