<?xml version="1.0" encoding="UTF-8"?>
<!-- Generated by org.testng.reporters.JUnitReportReporter -->
<testsuite skipped="0" hostname="DESKTOP-JQJ5R9C" name="week5.day2.CreateLeadWithDataProvider" tests="4" failures="0" timestamp="2023-04-24T14:38:28 IST" time="67.493" errors="0">
  <testcase name="createLead" time="16.575" classname="week5.day2.CreateLeadWithDataProvider"/>
  <system-out/>
  <testcase name="createLead" time="18.274" classname="week5.day2.CreateLeadWithDataProvider"/>
  <system-out/>
  <testcase name="createLead" time="16.151" classname="week5.day2.CreateLeadWithDataProvider"/>
  <system-out/>
  <testcase name="createLead" time="16.493" classname="week5.day2.CreateLeadWithDataProvider"/>
  <system-out/>
</testsuite> <!-- week5.day2.CreateLeadWithDataProvider -->
