<?xml version="1.0" encoding="UTF-8"?>
<!-- Generated by org.testng.reporters.JUnitReportReporter -->
<testsuite skipped="0" hostname="DESKTOP-JQJ5R9C" name="week5.day2.CreateLead" tests="4" failures="0" timestamp="2023-04-24T14:38:28 IST" time="82.166" errors="0">
  <testcase name="createLead" time="18.241" classname="week5.day2.CreateLead"/>
  <system-out/>
  <testcase name="createLead" time="19.720" classname="week5.day2.CreateLead"/>
  <system-out/>
  <testcase name="createLead" time="20.982" classname="week5.day2.CreateLead"/>
  <system-out/>
  <testcase name="createLead" time="23.223" classname="week5.day2.CreateLead"/>
  <system-out/>
</testsuite> <!-- week5.day2.CreateLead -->
