<?xml version="1.0" encoding="UTF-8"?>
<!-- Generated by org.testng.reporters.JUnitReportReporter -->
<testsuite skipped="0" hostname="DESKTOP-JQJ5R9C" name="week5.day2.EditLeadWithDataProvider" tests="2" failures="0" timestamp="2023-04-24T14:38:28 IST" time="47.428" errors="0">
  <testcase name="editLead" time="24.400" classname="week5.day2.EditLeadWithDataProvider"/>
  <system-out/>
  <testcase name="editLead" time="23.028" classname="week5.day2.EditLeadWithDataProvider"/>
  <system-out/>
</testsuite> <!-- week5.day2.EditLeadWithDataProvider -->
